[2025-09-22 09:16:18,708: INFO: main: Welcome to logger]
[2025-09-22 21:57:40,882: INFO: common: yaml file: config\config.yaml loaded successfully]
[2025-09-22 21:57:40,888: INFO: common: yaml file: params.yaml loaded successfully]
[2025-09-22 21:57:40,891: INFO: common: created directory at: artifacts]
[2025-09-22 21:57:40,894: INFO: common: created directory at: artifacts/data_ingestion]
[2025-09-22 21:57:40,901: INFO: 986331348: Downloading data from https://drive.google.com/file/d/1vlhZ5c7abUKF8xXERIw6m9Te8fW7ohw3/view?usp=sharing into file artifacts/data_ingestion/data.zip]
[2025-09-22 21:57:57,245: INFO: 986331348: Downloaded data from https://drive.google.com/file/d/1vlhZ5c7abUKF8xXERIw6m9Te8fW7ohw3/view?usp=sharing into file artifacts/data_ingestion/data.zip]
[2025-09-23 17:55:57,121: INFO: main: Welcome to our custom log]
[2025-09-23 17:58:28,638: INFO: main: >>>>>> stage Data Ingestion stage started <<<<<<]
[2025-09-23 17:58:28,639: INFO: common: yaml file: config\config.yaml loaded successfully]
[2025-09-23 17:58:28,641: INFO: common: yaml file: params.yaml loaded successfully]
[2025-09-23 17:58:28,643: INFO: common: created directory at: artifacts]
[2025-09-23 17:58:28,643: INFO: common: created directory at: artifacts/data_ingestion]
[2025-09-23 17:58:28,644: INFO: data_ingestion: Downloading data from https://drive.google.com/file/d/1vlhZ5c7abUKF8xXERIw6m9Te8fW7ohw3/view?usp=sharing into file artifacts/data_ingestion/data.zip]
[2025-09-23 17:58:41,074: INFO: data_ingestion: Downloaded data from https://drive.google.com/file/d/1vlhZ5c7abUKF8xXERIw6m9Te8fW7ohw3/view?usp=sharing into file artifacts/data_ingestion/data.zip]
[2025-09-23 17:58:42,080: INFO: main: >>>>>> stage Data Ingestion stage completed <<<<<<

x==========x]
[2025-09-24 00:15:28,138: INFO: font_manager: generated new fontManager]
[2025-09-24 23:45:27,206: INFO: common: yaml file: config\config.yaml loaded successfully]
[2025-09-24 23:45:27,227: INFO: common: yaml file: params.yaml loaded successfully]
[2025-09-24 23:45:27,237: INFO: common: created directory at: artifacts]
[2025-09-24 23:45:27,242: INFO: common: created directory at: artifacts/prepare_base_model]
[2025-09-24 23:45:36,803: WARNING: saving_api: You are saving your model as an HDF5 file via `model.save()` or `keras.saving.save_model(model)`. This file format is considered legacy. We recommend using instead the native Keras format, e.g. `model.save('my_model.keras')` or `keras.saving.save_model(model, 'my_model.keras')`. ]
[2025-09-24 23:45:37,101: WARNING: saving_api: You are saving your model as an HDF5 file via `model.save()` or `keras.saving.save_model(model)`. This file format is considered legacy. We recommend using instead the native Keras format, e.g. `model.save('my_model.keras')` or `keras.saving.save_model(model, 'my_model.keras')`. ]
[2025-09-24 23:59:43,715: INFO: main: >>>>>> stage Data Ingestion stage started <<<<<<]
[2025-09-24 23:59:43,718: INFO: common: yaml file: config\config.yaml loaded successfully]
[2025-09-24 23:59:43,719: INFO: common: yaml file: params.yaml loaded successfully]
[2025-09-24 23:59:43,720: INFO: common: created directory at: artifacts]
[2025-09-24 23:59:43,722: INFO: common: created directory at: artifacts/data_ingestion]
[2025-09-24 23:59:43,723: INFO: data_ingestion: Downloading data from https://drive.google.com/file/d/1vlhZ5c7abUKF8xXERIw6m9Te8fW7ohw3/view?usp=sharing into file artifacts/data_ingestion/data.zip]
[2025-09-24 23:59:53,609: INFO: data_ingestion: Downloaded data from https://drive.google.com/file/d/1vlhZ5c7abUKF8xXERIw6m9Te8fW7ohw3/view?usp=sharing into file artifacts/data_ingestion/data.zip]
[2025-09-24 23:59:54,566: INFO: main: >>>>>> stage Data Ingestion stage completed <<<<<<

x==========x]
[2025-09-24 23:59:54,566: INFO: main: *******************]
[2025-09-24 23:59:54,567: INFO: main: >>>>>> stage Prepare base model started <<<<<<]
[2025-09-24 23:59:54,568: INFO: common: yaml file: config\config.yaml loaded successfully]
[2025-09-24 23:59:54,570: INFO: common: yaml file: params.yaml loaded successfully]
[2025-09-24 23:59:54,571: INFO: common: created directory at: artifacts]
[2025-09-24 23:59:54,571: INFO: common: created directory at: artifacts/prepare_base_model]
[2025-09-24 23:59:55,155: WARNING: saving_api: You are saving your model as an HDF5 file via `model.save()` or `keras.saving.save_model(model)`. This file format is considered legacy. We recommend using instead the native Keras format, e.g. `model.save('my_model.keras')` or `keras.saving.save_model(model, 'my_model.keras')`. ]
[2025-09-24 23:59:55,306: WARNING: saving_api: You are saving your model as an HDF5 file via `model.save()` or `keras.saving.save_model(model)`. This file format is considered legacy. We recommend using instead the native Keras format, e.g. `model.save('my_model.keras')` or `keras.saving.save_model(model, 'my_model.keras')`. ]
[2025-09-24 23:59:55,713: INFO: main: >>>>>> stage Prepare base model completed <<<<<<

x==========x]
[2025-09-25 00:09:47,421: INFO: common: yaml file: config\config.yaml loaded successfully]
[2025-09-25 00:09:47,426: INFO: common: yaml file: params.yaml loaded successfully]
[2025-09-25 00:09:47,430: INFO: common: created directory at: artifacts]
[2025-09-25 00:09:47,433: INFO: common: created directory at: artifacts\training]
[2025-09-25 00:09:47,759: WARNING: saving_utils: Compiled the loaded model, but the compiled metrics have yet to be built. `model.compile_metrics` will be empty until you train or evaluate the model.]
[2025-09-25 00:36:05,017: INFO: common: yaml file: config\config.yaml loaded successfully]
[2025-09-25 00:36:05,020: INFO: common: yaml file: params.yaml loaded successfully]
[2025-09-25 00:36:05,023: INFO: common: created directory at: artifacts]
[2025-09-25 00:36:05,027: INFO: common: created directory at: artifacts\training]
[2025-09-25 00:36:05,315: WARNING: saving_utils: Compiled the loaded model, but the compiled metrics have yet to be built. `model.compile_metrics` will be empty until you train or evaluate the model.]
[2025-09-25 00:38:14,602: INFO: common: yaml file: config\config.yaml loaded successfully]
[2025-09-25 00:38:14,606: INFO: common: yaml file: params.yaml loaded successfully]
[2025-09-25 00:38:14,607: INFO: common: created directory at: artifacts]
[2025-09-25 00:38:14,609: INFO: common: created directory at: artifacts\training]
[2025-09-25 00:38:14,776: WARNING: saving_utils: Compiled the loaded model, but the compiled metrics have yet to be built. `model.compile_metrics` will be empty until you train or evaluate the model.]
[2025-09-25 09:06:50,918: INFO: common: yaml file: config\config.yaml loaded successfully]
[2025-09-25 09:06:50,926: INFO: common: yaml file: params.yaml loaded successfully]
[2025-09-25 09:06:50,929: INFO: common: created directory at: artifacts]
[2025-09-25 09:06:50,931: INFO: common: created directory at: artifacts\training]
[2025-09-25 09:06:51,494: WARNING: saving_utils: Compiled the loaded model, but the compiled metrics have yet to be built. `model.compile_metrics` will be empty until you train or evaluate the model.]
[2025-09-25 09:52:40,745: INFO: common: yaml file: config\config.yaml loaded successfully]
[2025-09-25 09:52:40,751: INFO: common: yaml file: params.yaml loaded successfully]
[2025-09-25 09:52:40,757: INFO: common: created directory at: artifacts]
[2025-09-25 09:52:40,761: INFO: common: created directory at: artifacts\training]
[2025-09-25 14:36:25,186: WARNING: module_wrapper: From c:\users\sayan\onedrive\desktop\kidney-disease-classification-deep-learning\src\cnnClassifier\components\model_training.py:6: The name tf.enable_eager_execution is deprecated. Please use tf.compat.v1.enable_eager_execution instead.
]
[2025-09-25 14:36:25,191: INFO: main: >>>>>> stage Data Ingestion stage started <<<<<<]
[2025-09-25 14:36:25,195: INFO: common: yaml file: config\config.yaml loaded successfully]
[2025-09-25 14:36:25,202: INFO: common: yaml file: params.yaml loaded successfully]
[2025-09-25 14:36:25,206: INFO: common: created directory at: artifacts]
[2025-09-25 14:36:25,208: INFO: common: created directory at: artifacts/data_ingestion]
[2025-09-25 14:36:25,210: INFO: data_ingestion: Downloading data from https://drive.google.com/file/d/1vlhZ5c7abUKF8xXERIw6m9Te8fW7ohw3/view?usp=sharing into file artifacts/data_ingestion/data.zip]
[2025-09-25 14:36:35,968: INFO: data_ingestion: Downloaded data from https://drive.google.com/file/d/1vlhZ5c7abUKF8xXERIw6m9Te8fW7ohw3/view?usp=sharing into file artifacts/data_ingestion/data.zip]
[2025-09-25 14:36:37,335: INFO: main: >>>>>> stage Data Ingestion stage completed <<<<<<

x==========x]
[2025-09-25 14:36:37,335: INFO: main: *******************]
[2025-09-25 14:36:37,336: INFO: main: >>>>>> stage Prepare base model started <<<<<<]
[2025-09-25 14:36:37,338: INFO: common: yaml file: config\config.yaml loaded successfully]
[2025-09-25 14:36:37,340: INFO: common: yaml file: params.yaml loaded successfully]
[2025-09-25 14:36:37,342: INFO: common: created directory at: artifacts]
[2025-09-25 14:36:37,343: INFO: common: created directory at: artifacts/prepare_base_model]
[2025-09-25 14:36:37,956: WARNING: saving_api: You are saving your model as an HDF5 file via `model.save()` or `keras.saving.save_model(model)`. This file format is considered legacy. We recommend using instead the native Keras format, e.g. `model.save('my_model.keras')` or `keras.saving.save_model(model, 'my_model.keras')`. ]
[2025-09-25 14:36:38,167: WARNING: saving_api: You are saving your model as an HDF5 file via `model.save()` or `keras.saving.save_model(model)`. This file format is considered legacy. We recommend using instead the native Keras format, e.g. `model.save('my_model.keras')` or `keras.saving.save_model(model, 'my_model.keras')`. ]
[2025-09-25 14:36:38,349: INFO: main: >>>>>> stage Prepare base model completed <<<<<<

x==========x]
[2025-09-25 14:36:38,350: INFO: main: *******************]
[2025-09-25 14:36:38,350: INFO: main: >>>>>> stage Training started <<<<<<]
[2025-09-25 14:36:38,353: INFO: common: yaml file: config\config.yaml loaded successfully]
[2025-09-25 14:36:38,355: INFO: common: yaml file: params.yaml loaded successfully]
[2025-09-25 14:36:38,355: INFO: common: created directory at: artifacts]
[2025-09-25 14:36:38,356: INFO: common: created directory at: artifacts\training]
[2025-09-25 14:38:35,377: WARNING: saving_api: You are saving your model as an HDF5 file via `model.save()` or `keras.saving.save_model(model)`. This file format is considered legacy. We recommend using instead the native Keras format, e.g. `model.save('my_model.keras')` or `keras.saving.save_model(model, 'my_model.keras')`. ]
[2025-09-25 14:38:35,566: INFO: main: >>>>>> stage Training completed <<<<<<

x==========x]
