[2025-09-25 13:46:10,604: INFO: common: yaml file: config\config.yaml loaded successfully]
[2025-09-25 13:46:10,610: INFO: common: yaml file: params.yaml loaded successfully]
[2025-09-25 13:46:10,613: INFO: common: created directory at: artifacts]
[2025-09-25 13:46:10,614: INFO: common: created directory at: artifacts\training]
[2025-09-25 13:46:11,025: WARNING: saving_utils: Compiled the loaded model, but the compiled metrics have yet to be built. `model.compile_metrics` will be empty until you train or evaluate the model.]
[2025-09-25 13:51:19,888: INFO: common: yaml file: config\config.yaml loaded successfully]
[2025-09-25 13:51:19,891: INFO: common: yaml file: params.yaml loaded successfully]
[2025-09-25 13:51:19,893: INFO: common: created directory at: artifacts]
[2025-09-25 13:51:19,895: INFO: common: created directory at: artifacts\training]
[2025-09-25 13:51:20,145: WARNING: saving_utils: Compiled the loaded model, but the compiled metrics have yet to be built. `model.compile_metrics` will be empty until you train or evaluate the model.]
[2025-09-25 13:52:29,020: WARNING: module_wrapper: From C:\Users\sayan\AppData\Local\Temp\ipykernel_3272\1854804430.py:6: The name tf.enable_eager_execution is deprecated. Please use tf.compat.v1.enable_eager_execution instead.
]
[2025-09-25 13:52:41,850: INFO: common: yaml file: config\config.yaml loaded successfully]
[2025-09-25 13:52:41,852: INFO: common: yaml file: params.yaml loaded successfully]
[2025-09-25 13:52:41,854: INFO: common: created directory at: artifacts]
[2025-09-25 13:52:41,856: INFO: common: created directory at: artifacts\training]
[2025-09-25 13:52:42,088: WARNING: saving_utils: Compiled the loaded model, but the compiled metrics have yet to be built. `model.compile_metrics` will be empty until you train or evaluate the model.]
[2025-09-25 13:56:24,991: INFO: common: yaml file: config\config.yaml loaded successfully]
[2025-09-25 13:56:24,995: INFO: common: yaml file: params.yaml loaded successfully]
[2025-09-25 13:56:24,997: INFO: common: created directory at: artifacts]
[2025-09-25 13:56:24,998: INFO: common: created directory at: artifacts\training]
[2025-09-25 13:58:16,496: WARNING: saving_api: You are saving your model as an HDF5 file via `model.save()` or `keras.saving.save_model(model)`. This file format is considered legacy. We recommend using instead the native Keras format, e.g. `model.save('my_model.keras')` or `keras.saving.save_model(model, 'my_model.keras')`. ]
